Generating Mesh	0.693871
Generating Mesh\Assigning Materials 	0.0311742
Generating Mesh\Reading Design 	0.212327
Generating Mesh\Reading Design \Reading Design	0.156428
Generating Mesh\Reading Design \Reading Design\Do Smart Slicing	0.0053116
Generating Mesh\Reading Design \Reading Design\Simplifying Design	0.0862378
Generating Mesh\Refining Surface Mesh	0.256671
Generating Mesh\Refining Surface Mesh\Checking via	7.56e-05
Generating Mesh\Refining Surface Mesh\Convert Local Mesh to Global Mesh	0.018378
Generating Mesh\Refining Surface Mesh\Detecting Connectivity Problems	0.0037405
Generating Mesh\Refining Surface Mesh\Insert pins MT	0.0710856
Generating Mesh\Refining Surface Mesh\Locating Pins	0.0262811
Generating Mesh\Refining Surface Mesh\Locating Pins\Locating instances on layers	0.0219316
Generating Mesh\Refining Surface Mesh\Locating Pins\Locating pins on layers	0.0043162
Generating Mesh\Refining Surface Mesh\Looking for Electrically Isolated Patches 	0.0064625
Generating Mesh\Refining Surface Mesh\Mark electrical interconnects	0.0057423
Generating Mesh\Refining Surface Mesh\Marking Degenerate Elements	0.0022998
Generating Mesh\Refining Surface Mesh\Marking Vias	0.0116393
Generating Mesh\Refining Surface Mesh\Marking thickness for non-circular vias	0.0004106
Generating Mesh\Refining Surface Mesh\Pruning Surface Mesh 	0.0090458
Generating Mesh\Refining Surface Mesh\Recovering surface attributes 	0.0008134
Generating Mesh\Refining Surface Mesh\Writing ASCII surface mesh file 	0.0860888
Generating Mesh\Refining Surface Mesh\Writing BINARY surface mesh file 	0.00671
Generating Mesh\SurfaceMesher	0.185043
Generating Mesh\SurfaceMesher\Generating surface mesh 	0.182183
Generating Mesh\SurfaceMesher\Generating surface mesh \Checking surface mesh consistency	0.006202
Generating Mesh\SurfaceMesher\Generating surface mesh \Computing Aabbs	0.0003536
Generating Mesh\SurfaceMesher\Generating surface mesh \Convert Global Mesh into Local Meshes	0.0129409
Generating Mesh\SurfaceMesher\Generating surface mesh \Convert Global Mesh into Local Meshes\Stabilizing mesh	2.5e-05
Generating Mesh\SurfaceMesher\Generating surface mesh \Faceting	0.159689
Generating Mesh\SurfaceMesher\Generating surface mesh \Faceting\1D faceting	0.0731999
Generating Mesh\SurfaceMesher\Generating surface mesh \Faceting\1D faceting\1D meshing	0.0712763
Generating Mesh\SurfaceMesher\Generating surface mesh \Faceting\2D faceting	0.0853589
Generating Mesh\SurfaceMesher\Generating surface mesh \Faceting\2D faceting\2D meshing	0.0853522
